<?xml version="1.0" encoding="UTF-8"?>
<!-- Generated by org.testng.reporters.JUnitXMLReporter -->
<testsuite hostname="Manjunath" ignored="0" name="Banking Test" tests="7" failures="4" timestamp="10 Apr 2021 05:14:18 GMT" time="70.533" errors="0">
  <testcase name="LoginTest" time="2.702" classname="com.inetbanking_v1.Testcases.TC_LoginTest_01"/>
  <testcase name="loginDDT" time="3.22" classname="com.inetbanking_v1.Testcases.TC_LoginDD_02">
    <failure type="java.lang.AssertionError" message="expected [true] but found [false]">
      <![CDATA[java.lang.AssertionError: expected [true] but found [false]
at com.inetbanking_v1.Testcases.TC_LoginDD_02.loginDDT(TC_LoginDD_02.java:28)
... Removed 33 stack frames]]>
    </failure>
  </testcase> <!-- loginDDT -->
  <testcase name="loginDDT" time="3.731" classname="com.inetbanking_v1.Testcases.TC_LoginDD_02">
    <failure type="java.lang.AssertionError" message="expected [true] but found [false]">
      <![CDATA[java.lang.AssertionError: expected [true] but found [false]
at com.inetbanking_v1.Testcases.TC_LoginDD_02.loginDDT(TC_LoginDD_02.java:28)
... Removed 33 stack frames]]>
    </failure>
  </testcase> <!-- loginDDT -->
  <testcase name="loginDDT" time="3.112" classname="com.inetbanking_v1.Testcases.TC_LoginDD_02">
    <failure type="java.lang.AssertionError" message="expected [true] but found [false]">
      <![CDATA[java.lang.AssertionError: expected [true] but found [false]
at com.inetbanking_v1.Testcases.TC_LoginDD_02.loginDDT(TC_LoginDD_02.java:28)
... Removed 33 stack frames]]>
    </failure>
  </testcase> <!-- loginDDT -->
  <testcase name="loginDDT" time="5.944" classname="com.inetbanking_v1.Testcases.TC_LoginDD_02"/>
  <testcase name="loginDDT" time="2.561" classname="com.inetbanking_v1.Testcases.TC_LoginDD_02">
    <failure type="java.lang.AssertionError" message="expected [true] but found [false]">
      <![CDATA[java.lang.AssertionError: expected [true] but found [false]
at com.inetbanking_v1.Testcases.TC_LoginDD_02.loginDDT(TC_LoginDD_02.java:28)
... Removed 33 stack frames]]>
    </failure>
  </testcase> <!-- loginDDT -->
  <testcase name="loginDDT" time="5.202" classname="com.inetbanking_v1.Testcases.TC_LoginDD_02"/>
</testsuite> <!-- Banking Test -->
