<?xml version="1.0" encoding="UTF-8"?>
<testsuite xmlns:xsi="http://www.w3.org/2001/XMLSchema-instance" xsi:noNamespaceSchemaLocation="https://maven.apache.org/surefire/maven-surefire-plugin/xsd/surefire-test-report.xsd" name="TestSuite" time="73.254" tests="7" errors="0" skipped="0" failures="4">
  <properties>
[...]
</properties>
  <testcase name="LoginTest" classname="com.inetbanking_v1.Testcases.TC_LoginTest_01" time="2.703"/>
  <testcase name="loginDDT" classname="com.inetbanking_v1.Testcases.TC_LoginDD_02" time="3.237">
    <failure message="expected [true] but found [false]" type="java.lang.AssertionError">java.lang.AssertionError: expected [true] but found [false]
	at com.inetbanking_v1.Testcases.TC_LoginDD_02.loginDDT(TC_LoginDD_02.java:28)
</failure>
    <system-out><![CDATA[ INFO [main] (TC_LoginDD_02.java:19)- Try login
 INFO [main] (TC_LoginDD_02.java:27)- warning login failed
]]></system-out>
    <system-err><![CDATA[Starting ChromeDriver 88.0.4324.96 (68dba2d8a0b149a1d3afac56fa74648032bcf46b-refs/branch-heads/4324@{#1784}) on port 4709
Only local connections are allowed.
Please see https://chromedriver.chromium.org/security-considerations for suggestions on keeping ChromeDriver safe.
ChromeDriver was started successfully.
[1618031609.271][WARNING]: This version of ChromeDriver has not been tested with Chrome version 89.
Apr 10, 2021 10:43:29 AM org.openqa.selenium.remote.ProtocolHandshake createSession
INFO: Detected dialect: W3C
]]></system-err>
  </testcase>
  <testcase name="loginDDT" classname="com.inetbanking_v1.Testcases.TC_LoginDD_02" time="3.73">
    <failure message="expected [true] but found [false]" type="java.lang.AssertionError">java.lang.AssertionError: expected [true] but found [false]
	at com.inetbanking_v1.Testcases.TC_LoginDD_02.loginDDT(TC_LoginDD_02.java:28)
</failure>
    <system-out><![CDATA[ INFO [main] (TC_LoginDD_02.java:19)- Try login
 INFO [main] (TC_LoginDD_02.java:27)- warning login failed
]]></system-out>
  </testcase>
  <testcase name="loginDDT" classname="com.inetbanking_v1.Testcases.TC_LoginDD_02" time="3.111">
    <failure message="expected [true] but found [false]" type="java.lang.AssertionError">java.lang.AssertionError: expected [true] but found [false]
	at com.inetbanking_v1.Testcases.TC_LoginDD_02.loginDDT(TC_LoginDD_02.java:28)
</failure>
    <system-out><![CDATA[ INFO [main] (TC_LoginDD_02.java:19)- Try login
 INFO [main] (TC_LoginDD_02.java:27)- warning login failed
]]></system-out>
  </testcase>
  <testcase name="loginDDT" classname="com.inetbanking_v1.Testcases.TC_LoginDD_02" time="5.945"/>
  <testcase name="loginDDT" classname="com.inetbanking_v1.Testcases.TC_LoginDD_02" time="2.563">
    <failure message="expected [true] but found [false]" type="java.lang.AssertionError">java.lang.AssertionError: expected [true] but found [false]
	at com.inetbanking_v1.Testcases.TC_LoginDD_02.loginDDT(TC_LoginDD_02.java:28)
</failure>
    <system-out><![CDATA[ INFO [main] (TC_LoginDD_02.java:19)- Try login
 INFO [main] (TC_LoginDD_02.java:27)- warning login failed
]]></system-out>
  </testcase>
  <testcase name="loginDDT" classname="com.inetbanking_v1.Testcases.TC_LoginDD_02" time="5.202"/>
</testsuite>